<?xml version="1.0" encoding="UTF-8"?>
<!-- Generated by org.testng.reporters.JUnitReportReporter -->
<testsuite skipped="0" hostname="DESKTOP-9445UGT" name="com.tt.testngrunner.DropdownRunner" tests="1" failures="0" timestamp="01 May 2019 01:26:31 GMT" time="17.711" errors="1">
  <testcase name="feature" time="17.711" classname="com.tt.testngrunner.DropdownRunner">
    <error type="cucumber.runtime.CucumberException" message="java.io.IOException: Destination &#039;\Users\rashelkhan\eclipse-workspace\Amazon\Screenshot&#039; directory cannot be created">
      <![CDATA[cucumber.runtime.CucumberException: java.io.IOException: Destination '\Users\rashelkhan\eclipse-workspace\Amazon\Screenshot' directory cannot be created
at cucumber.api.testng.TestNGCucumberRunner.runCucumber(TestNGCucumberRunner.java:69)
at cucumber.api.testng.AbstractTestNGCucumberTests.feature(AbstractTestNGCucumberTests.java:21)
at sun.reflect.NativeMethodAccessorImpl.invoke0(Native Method)
at sun.reflect.NativeMethodAccessorImpl.invoke(Unknown Source)
at sun.reflect.DelegatingMethodAccessorImpl.invoke(Unknown Source)
at java.lang.reflect.Method.invoke(Unknown Source)
at org.testng.internal.MethodInvocationHelper.invokeMethod(MethodInvocationHelper.java:124)
at org.testng.internal.Invoker.invokeMethod(Invoker.java:583)
at org.testng.internal.Invoker.invokeTestMethod(Invoker.java:719)
at org.testng.internal.Invoker.invokeTestMethods(Invoker.java:989)
at org.testng.internal.TestMethodWorker.invokeTestMethods(TestMethodWorker.java:125)
at org.testng.internal.TestMethodWorker.run(TestMethodWorker.java:109)
at org.testng.TestRunner.privateRun(TestRunner.java:648)
at org.testng.TestRunner.run(TestRunner.java:505)
at org.testng.SuiteRunner.runTest(SuiteRunner.java:455)
at org.testng.SuiteRunner.runSequentially(SuiteRunner.java:450)
at org.testng.SuiteRunner.privateRun(SuiteRunner.java:415)
at org.testng.SuiteRunner.run(SuiteRunner.java:364)
at org.testng.SuiteRunnerWorker.runSuite(SuiteRunnerWorker.java:52)
at org.testng.SuiteRunnerWorker.run(SuiteRunnerWorker.java:84)
at org.testng.TestNG.runSuitesSequentially(TestNG.java:1208)
at org.testng.TestNG.runSuitesLocally(TestNG.java:1137)
at org.testng.TestNG.runSuites(TestNG.java:1049)
at org.testng.TestNG.run(TestNG.java:1017)
at org.testng.remote.AbstractRemoteTestNG.run(AbstractRemoteTestNG.java:115)
at org.testng.remote.RemoteTestNG.initAndRun(RemoteTestNG.java:251)
at org.testng.remote.RemoteTestNG.main(RemoteTestNG.java:77)
Caused by: java.io.IOException: Destination '\Users\rashelkhan\eclipse-workspace\Amazon\Screenshot' directory cannot be created
at org.apache.commons.io.FileUtils.copyFile(FileUtils.java:1085)
at org.apache.commons.io.FileUtils.copyFile(FileUtils.java:1038)
at com.tt.pageobjectmodel.DropDown.SS(DropDown.java:62)
at com.tt.stepdef.DpDown.take_Screenshot_of_Music_page(DpDown.java:50)
at ✽.And Take Screenshot of Music page(./Feature/Dropdown.feature:8)
]]>
    </error>
  </testcase> <!-- feature -->
</testsuite> <!-- com.tt.testngrunner.DropdownRunner -->
